<?xml version="1.0" encoding="UTF-8"?>
<testsuite name="com.example.identity.application.usecase.RegisterUserUseCaseTest" tests="8" skipped="0" failures="0" errors="0" timestamp="2025-09-23T15:19:43" hostname="0ab23c440a42" time="0.021">
  <properties/>
  <testcase name="shouldThrowExceptionWhenPasswordHasNoLowercase()" classname="com.example.identity.application.usecase.RegisterUserUseCaseTest" time="0.003"/>
  <testcase name="shouldThrowExceptionWhenPasswordHasNoDigit()" classname="com.example.identity.application.usecase.RegisterUserUseCaseTest" time="0.003"/>
  <testcase name="shouldThrowExceptionWhenPasswordHasNoUppercase()" classname="com.example.identity.application.usecase.RegisterUserUseCaseTest" time="0.002"/>
  <testcase name="shouldThrowExceptionWhenPasswordIsInvalid()" classname="com.example.identity.application.usecase.RegisterUserUseCaseTest" time="0.002"/>
  <testcase name="shouldThrowExceptionWhenPasswordHasNoSpecialChar()" classname="com.example.identity.application.usecase.RegisterUserUseCaseTest" time="0.002"/>
  <testcase name="shouldRegisterNewUser()" classname="com.example.identity.application.usecase.RegisterUserUseCaseTest" time="0.005"/>
  <testcase name="shouldThrowExceptionWhenEmailIsInvalid()" classname="com.example.identity.application.usecase.RegisterUserUseCaseTest" time="0.001"/>
  <testcase name="shouldThrowExceptionWhenEmailAlreadyExists()" classname="com.example.identity.application.usecase.RegisterUserUseCaseTest" time="0.001"/>
  <system-out><![CDATA[]]></system-out>
  <system-err><![CDATA[]]></system-err>
</testsuite>
