<?xml version="1.0" encoding="UTF-8"?>
<testsuite name="com.example.identity.application.usecase.LoginUseCaseTest" tests="4" skipped="0" failures="0" errors="0" timestamp="2025-09-23T15:19:43" hostname="0ab23c440a42" time="0.726">
  <properties/>
  <testcase name="shouldThrowExceptionWhenPasswordIsIncorrect()" classname="com.example.identity.application.usecase.LoginUseCaseTest" time="0.4"/>
  <testcase name="shouldLoginSuccessfully()" classname="com.example.identity.application.usecase.LoginUseCaseTest" time="0.315"/>
  <testcase name="shouldThrowExceptionWhenUserNotFound()" classname="com.example.identity.application.usecase.LoginUseCaseTest" time="0.002"/>
  <testcase name="shouldThrowExceptionWhenEmailIsInvalid()" classname="com.example.identity.application.usecase.LoginUseCaseTest" time="0.002"/>
  <system-out><![CDATA[]]></system-out>
  <system-err><![CDATA[]]></system-err>
</testsuite>
