<?xml version="1.0" encoding="UTF-8"?>
<testsuite name="com.example.identity.domain.model.EmailTest" tests="8" skipped="0" failures="0" errors="0" timestamp="2025-09-23T15:19:43" hostname="0ab23c440a42" time="0.048">
  <properties/>
  <testcase name="shouldCreateValidEmail()" classname="com.example.identity.domain.model.EmailTest" time="0.0"/>
  <testcase name="[1] invalidEmail=invalid-email" classname="com.example.identity.domain.model.EmailTest" time="0.017"/>
  <testcase name="[2] invalidEmail=missing@tld" classname="com.example.identity.domain.model.EmailTest" time="0.0"/>
  <testcase name="[3] invalidEmail=@missing-local-part.com" classname="com.example.identity.domain.model.EmailTest" time="0.0"/>
  <testcase name="[4] invalidEmail=spaces in@email.com" classname="com.example.identity.domain.model.EmailTest" time="0.0"/>
  <testcase name="[5] invalidEmail=" classname="com.example.identity.domain.model.EmailTest" time="0.0"/>
  <testcase name="shouldBeEqualWhenValuesAreEqual()" classname="com.example.identity.domain.model.EmailTest" time="0.0"/>
  <testcase name="shouldNotBeEqualWhenValuesAreDifferent()" classname="com.example.identity.domain.model.EmailTest" time="0.0"/>
  <system-out><![CDATA[]]></system-out>
  <system-err><![CDATA[]]></system-err>
</testsuite>
