<?xml version="1.0" encoding="UTF-8"?>
<testsuite name="com.example.identity.domain.model.PasswordTest" tests="11" skipped="0" failures="0" errors="0" timestamp="2025-09-23T15:19:43" hostname="0ab23c440a42" time="1.544">
  <properties/>
  <testcase name="[1] invalidPassword=short" classname="com.example.identity.domain.model.PasswordTest" time="0.001"/>
  <testcase name="[2] invalidPassword=nodigits!" classname="com.example.identity.domain.model.PasswordTest" time="0.001"/>
  <testcase name="[3] invalidPassword=NOLOWER123" classname="com.example.identity.domain.model.PasswordTest" time="0.0"/>
  <testcase name="[4] invalidPassword=nouppercase123" classname="com.example.identity.domain.model.PasswordTest" time="0.0"/>
  <testcase name="[5] invalidPassword=NoSpecialChars123" classname="com.example.identity.domain.model.PasswordTest" time="0.0"/>
  <testcase name="shouldThrowExceptionForEmptyPassword()" classname="com.example.identity.domain.model.PasswordTest" time="0.0"/>
  <testcase name="shouldThrowExceptionForNullPassword()" classname="com.example.identity.domain.model.PasswordTest" time="0.0"/>
  <testcase name="shouldCreateValidPassword()" classname="com.example.identity.domain.model.PasswordTest" time="0.001"/>
  <testcase name="shouldHashPasswordCorrectly()" classname="com.example.identity.domain.model.PasswordTest" time="0.309"/>
  <testcase name="shouldVerifyCorrectPassword()" classname="com.example.identity.domain.model.PasswordTest" time="0.613"/>
  <testcase name="shouldNotVerifyIncorrectPassword()" classname="com.example.identity.domain.model.PasswordTest" time="0.615"/>
  <system-out><![CDATA[]]></system-out>
  <system-err><![CDATA[]]></system-err>
</testsuite>
