<?xml version="1.0" encoding="UTF-8"?>
<testsuite name="com.example.identity.domain.model.UserTest" tests="8" skipped="0" failures="0" errors="0" timestamp="2025-09-23T15:19:40" hostname="0ab23c440a42" time="1.673">
  <properties/>
  <testcase name="shouldNotBeEqualWhenIdsAreDifferent()" classname="com.example.identity.domain.model.UserTest" time="0.113"/>
  <testcase name="shouldVerifyCorrectPassword()" classname="com.example.identity.domain.model.UserTest" time="0.629"/>
  <testcase name="shouldBeEqualWhenIdsAreEqual()" classname="com.example.identity.domain.model.UserTest" time="0.002"/>
  <testcase name="shouldCreateUserWithEmailAndPassword()" classname="com.example.identity.domain.model.UserTest" time="0.308"/>
  <testcase name="shouldThrowExceptionWhenEmailIsNull()" classname="com.example.identity.domain.model.UserTest" time="0.002"/>
  <testcase name="shouldNotVerifyIncorrectPassword()" classname="com.example.identity.domain.model.UserTest" time="0.616"/>
  <testcase name="shouldThrowExceptionWhenPasswordIsNull()" classname="com.example.identity.domain.model.UserTest" time="0.001"/>
  <testcase name="shouldCreateUserWithAllFields()" classname="com.example.identity.domain.model.UserTest" time="0.001"/>
  <system-out><![CDATA[]]></system-out>
  <system-err><![CDATA[]]></system-err>
</testsuite>
