<?xml version="1.0" encoding="UTF-8"?>
<testsuite name="com.example.identity.domain.model.PasswordHashTest" tests="5" skipped="0" failures="0" errors="0" timestamp="2025-09-23T15:19:43" hostname="0ab23c440a42" time="0.002">
  <properties/>
  <testcase name="shouldCreatePasswordHash()" classname="com.example.identity.domain.model.PasswordHashTest" time="0.0"/>
  <testcase name="shouldBeEqualWhenValuesAreEqual()" classname="com.example.identity.domain.model.PasswordHashTest" time="0.0"/>
  <testcase name="shouldNotBeEqualWhenValuesAreDifferent()" classname="com.example.identity.domain.model.PasswordHashTest" time="0.001"/>
  <testcase name="shouldThrowExceptionForNullHash()" classname="com.example.identity.domain.model.PasswordHashTest" time="0.0"/>
  <testcase name="shouldThrowExceptionForEmptyHash()" classname="com.example.identity.domain.model.PasswordHashTest" time="0.0"/>
  <system-out><![CDATA[]]></system-out>
  <system-err><![CDATA[]]></system-err>
</testsuite>
